<?xml version="1.0" encoding="UTF-8"?>
<!-- Generated by org.testng.reporters.JUnitReportReporter -->
<testsuite skipped="0" hostname="cenghuimingdeMacBook-Pro.local" name="com.appium.android.AndroidTestBase" tests="4" failures="0" timestamp="08 十一月 2017 12:26:16 GMT" time="51.235" errors="0">
  <testcase name="runCase" time="11.780" classname="com.appium.android.AndroidTestBase"/>
  <testcase name="runCase" time="6.878" classname="com.appium.android.AndroidTestBase"/>
  <testcase name="runCase" time="14.597" classname="com.appium.android.AndroidTestBase"/>
  <testcase name="runCase" time="17.980" classname="com.appium.android.AndroidTestBase"/>
</testsuite> <!-- com.appium.android.AndroidTestBase -->
